app/build/intermediates/manifest_merge_blame_file/release/manifest-merger-blame-release-report.txt
1<?xml version="1.0" encoding="utf-8"?>
2<manifest xmlns:android="http://schemas.android.com/apk/res/android"
3    package="net.vishal.AMIGOS"
4    android:versionCode="1"
5    android:versionName="1.0" >
6
7    <uses-sdk
8        android:minSdkVersion="16"
8-->src\main\AndroidManifest.xml
9        android:targetSdkVersion="29" />
9-->src\main\AndroidManifest.xml
10
11    <uses-permission android:name="android.permission.INTERNET" />
11-->src\main\AndroidManifest.xml:5:5-67
11-->src\main\AndroidManifest.xml:5:22-64
12    <uses-permission android:name="android.permission.WRITE_EXTERNAL_STORAGE" />
12-->src\main\AndroidManifest.xml:6:5-80
12-->src\main\AndroidManifest.xml:6:22-78
13    <uses-permission android:name="android.permission.READ_EXTERNAL_STORAGE" />
13-->src\main\AndroidManifest.xml:7:5-79
13-->src\main\AndroidManifest.xml:7:22-77
14
15    <!-- Although the *SdkVersion is captured in gradle build files, this is required for non gradle builds -->
16    <!-- <uses-sdk android:minSdkVersion="14"/> -->
17    <uses-permission android:name="android.permission.ACCESS_NETWORK_STATE" />
17-->[com.google.firebase:firebase-database:19.2.1] AndroidManifest.xml:25:5-79
17-->[com.google.firebase:firebase-database:19.2.1] AndroidManifest.xml:25:22-76
18    <uses-permission android:name="android.permission.WAKE_LOCK" />
18-->[com.google.android.gms:play-services-measurement:17.2.2] AndroidManifest.xml:25:5-68
18-->[com.google.android.gms:play-services-measurement:17.2.2] AndroidManifest.xml:25:22-65
19    <uses-permission android:name="com.google.android.finsky.permission.BIND_GET_INSTALL_REFERRER_SERVICE" /> <!-- Required by older versions of Google Play services to create IID tokens -->
19-->[com.google.android.gms:play-services-measurement:17.2.2] AndroidManifest.xml:26:5-110
19-->[com.google.android.gms:play-services-measurement:17.2.2] AndroidManifest.xml:26:22-107
20    <uses-permission android:name="com.google.android.c2dm.permission.RECEIVE" />
20-->[com.google.firebase:firebase-iid:20.0.2] AndroidManifest.xml:26:5-82
20-->[com.google.firebase:firebase-iid:20.0.2] AndroidManifest.xml:26:22-79
21
22    <application
22-->src\main\AndroidManifest.xml:10:5-28:19
23        android:allowBackup="true"
23-->src\main\AndroidManifest.xml:11:9-35
24        android:appComponentFactory="androidx.core.app.CoreComponentFactory"
24-->[androidx.core:core:1.1.0] AndroidManifest.xml:24:18-86
25        android:icon="@mipmap/ic_launcher"
25-->src\main\AndroidManifest.xml:12:9-43
26        android:label="@string/app_name"
26-->src\main\AndroidManifest.xml:13:9-41
27        android:roundIcon="@mipmap/ic_launcher_round"
27-->src\main\AndroidManifest.xml:14:9-54
28        android:supportsRtl="true"
28-->src\main\AndroidManifest.xml:15:9-35
29        android:theme="@style/AppTheme" >
29-->src\main\AndroidManifest.xml:16:9-40
30        <activity android:name="net.vishal.AMIGOS.MessageActivity" />
30-->src\main\AndroidManifest.xml:17:9-79
30-->src\main\AndroidManifest.xml:17:19-67
31        <activity
31-->src\main\AndroidManifest.xml:18:9-19:47
32            android:name="net.vishal.AMIGOS.MainActivity"
32-->src\main\AndroidManifest.xml:18:19-64
33            android:theme="@style/AppTheme2" />
33-->src\main\AndroidManifest.xml:19:13-45
34        <activity android:name="net.vishal.AMIGOS.RegisterActivity" />
34-->src\main\AndroidManifest.xml:20:9-71
34-->src\main\AndroidManifest.xml:20:19-68
35        <activity android:name="net.vishal.AMIGOS.Login_Activity" >
35-->src\main\AndroidManifest.xml:21:9-27:20
35-->src\main\AndroidManifest.xml:21:19-66
36            <intent-filter>
36-->src\main\AndroidManifest.xml:22:13-26:29
37                <action android:name="android.intent.action.MAIN" />
37-->src\main\AndroidManifest.xml:23:17-69
37-->src\main\AndroidManifest.xml:23:25-66
38
39                <category android:name="android.intent.category.LAUNCHER" />
39-->src\main\AndroidManifest.xml:25:17-77
39-->src\main\AndroidManifest.xml:25:27-74
40            </intent-filter>
41        </activity>
42
43        <service
43-->[com.google.firebase:firebase-database:19.2.1] AndroidManifest.xml:29:9-35:19
44            android:name="com.google.firebase.components.ComponentDiscoveryService"
44-->[com.google.firebase:firebase-database:19.2.1] AndroidManifest.xml:30:13-84
45            android:directBootAware="true"
45-->[com.google.firebase:firebase-common:19.3.0] AndroidManifest.xml:34:13-43
46            android:exported="false" >
46-->[com.google.firebase:firebase-database:19.2.1] AndroidManifest.xml:31:13-37
47            <meta-data
47-->[com.google.firebase:firebase-database:19.2.1] AndroidManifest.xml:32:13-34:85
48                android:name="com.google.firebase.components:com.google.firebase.database.DatabaseRegistrar"
48-->[com.google.firebase:firebase-database:19.2.1] AndroidManifest.xml:33:17-109
49                android:value="com.google.firebase.components.ComponentRegistrar" />
49-->[com.google.firebase:firebase-database:19.2.1] AndroidManifest.xml:34:17-82
50            <meta-data
50-->[com.google.firebase:firebase-storage:19.1.1] AndroidManifest.xml:33:13-35:85
51                android:name="com.google.firebase.components:com.google.firebase.storage.StorageRegistrar"
51-->[com.google.firebase:firebase-storage:19.1.1] AndroidManifest.xml:34:17-107
52                android:value="com.google.firebase.components.ComponentRegistrar" />
52-->[com.google.firebase:firebase-storage:19.1.1] AndroidManifest.xml:35:17-82
53            <meta-data
53-->[com.google.firebase:firebase-auth:19.3.0] AndroidManifest.xml:36:13-38:85
54                android:name="com.google.firebase.components:com.google.firebase.auth.FirebaseAuthRegistrar"
54-->[com.google.firebase:firebase-auth:19.3.0] AndroidManifest.xml:37:17-109
55                android:value="com.google.firebase.components.ComponentRegistrar" />
55-->[com.google.firebase:firebase-auth:19.3.0] AndroidManifest.xml:38:17-82
56            <meta-data
56-->[com.google.android.gms:play-services-measurement-api:17.2.2] AndroidManifest.xml:30:13-32:85
57                android:name="com.google.firebase.components:com.google.firebase.analytics.connector.internal.AnalyticsConnectorRegistrar"
57-->[com.google.android.gms:play-services-measurement-api:17.2.2] AndroidManifest.xml:31:17-139
58                android:value="com.google.firebase.components.ComponentRegistrar" />
58-->[com.google.android.gms:play-services-measurement-api:17.2.2] AndroidManifest.xml:32:17-82
59            <meta-data
59-->[com.google.firebase:firebase-iid:20.0.2] AndroidManifest.xml:32:13-34:85
60                android:name="com.google.firebase.components:com.google.firebase.iid.Registrar"
60-->[com.google.firebase:firebase-iid:20.0.2] AndroidManifest.xml:33:17-96
61                android:value="com.google.firebase.components.ComponentRegistrar" />
61-->[com.google.firebase:firebase-iid:20.0.2] AndroidManifest.xml:34:17-82
62        </service>
63
64        <activity
64-->[com.google.firebase:firebase-auth:19.3.0] AndroidManifest.xml:24:9-31:50
65            android:name="com.google.firebase.auth.internal.FederatedSignInActivity"
65-->[com.google.firebase:firebase-auth:19.3.0] AndroidManifest.xml:25:13-85
66            android:excludeFromRecents="true"
66-->[com.google.firebase:firebase-auth:19.3.0] AndroidManifest.xml:26:13-46
67            android:exported="true"
67-->[com.google.firebase:firebase-auth:19.3.0] AndroidManifest.xml:27:13-36
68            android:launchMode="singleTask"
68-->[com.google.firebase:firebase-auth:19.3.0] AndroidManifest.xml:28:13-44
69            android:permission="com.google.firebase.auth.api.gms.permission.LAUNCH_FEDERATED_SIGN_IN"
69-->[com.google.firebase:firebase-auth:19.3.0] AndroidManifest.xml:29:13-102
70            android:theme="@android:style/Theme.Translucent.NoTitleBar" />
70-->[com.google.firebase:firebase-auth:19.3.0] AndroidManifest.xml:30:13-72
71
72        <receiver
72-->[com.google.android.gms:play-services-measurement:17.2.2] AndroidManifest.xml:29:9-33:20
73            android:name="com.google.android.gms.measurement.AppMeasurementReceiver"
73-->[com.google.android.gms:play-services-measurement:17.2.2] AndroidManifest.xml:30:13-85
74            android:enabled="true"
74-->[com.google.android.gms:play-services-measurement:17.2.2] AndroidManifest.xml:31:13-35
75            android:exported="false" >
75-->[com.google.android.gms:play-services-measurement:17.2.2] AndroidManifest.xml:32:13-37
76        </receiver>
77        <receiver
77-->[com.google.android.gms:play-services-measurement:17.2.2] AndroidManifest.xml:34:9-42:20
78            android:name="com.google.android.gms.measurement.AppMeasurementInstallReferrerReceiver"
78-->[com.google.android.gms:play-services-measurement:17.2.2] AndroidManifest.xml:35:13-100
79            android:enabled="true"
79-->[com.google.android.gms:play-services-measurement:17.2.2] AndroidManifest.xml:36:13-35
80            android:exported="true"
80-->[com.google.android.gms:play-services-measurement:17.2.2] AndroidManifest.xml:37:13-36
81            android:permission="android.permission.INSTALL_PACKAGES" >
81-->[com.google.android.gms:play-services-measurement:17.2.2] AndroidManifest.xml:38:13-69
82            <intent-filter>
82-->[com.google.android.gms:play-services-measurement:17.2.2] AndroidManifest.xml:39:13-41:29
83                <action android:name="com.android.vending.INSTALL_REFERRER" />
83-->[com.google.android.gms:play-services-measurement:17.2.2] AndroidManifest.xml:40:17-79
83-->[com.google.android.gms:play-services-measurement:17.2.2] AndroidManifest.xml:40:25-76
84            </intent-filter>
85        </receiver>
86
87        <service
87-->[com.google.android.gms:play-services-measurement:17.2.2] AndroidManifest.xml:44:9-47:40
88            android:name="com.google.android.gms.measurement.AppMeasurementService"
88-->[com.google.android.gms:play-services-measurement:17.2.2] AndroidManifest.xml:45:13-84
89            android:enabled="true"
89-->[com.google.android.gms:play-services-measurement:17.2.2] AndroidManifest.xml:46:13-35
90            android:exported="false" />
90-->[com.google.android.gms:play-services-measurement:17.2.2] AndroidManifest.xml:47:13-37
91        <service
91-->[com.google.android.gms:play-services-measurement:17.2.2] AndroidManifest.xml:48:9-52:72
92            android:name="com.google.android.gms.measurement.AppMeasurementJobService"
92-->[com.google.android.gms:play-services-measurement:17.2.2] AndroidManifest.xml:49:13-87
93            android:enabled="true"
93-->[com.google.android.gms:play-services-measurement:17.2.2] AndroidManifest.xml:50:13-35
94            android:exported="false"
94-->[com.google.android.gms:play-services-measurement:17.2.2] AndroidManifest.xml:51:13-37
95            android:permission="android.permission.BIND_JOB_SERVICE" />
95-->[com.google.android.gms:play-services-measurement:17.2.2] AndroidManifest.xml:52:13-69
96
97        <receiver
97-->[com.google.firebase:firebase-iid:20.0.2] AndroidManifest.xml:37:9-44:20
98            android:name="com.google.firebase.iid.FirebaseInstanceIdReceiver"
98-->[com.google.firebase:firebase-iid:20.0.2] AndroidManifest.xml:38:13-78
99            android:exported="true"
99-->[com.google.firebase:firebase-iid:20.0.2] AndroidManifest.xml:39:13-36
100            android:permission="com.google.android.c2dm.permission.SEND" >
100-->[com.google.firebase:firebase-iid:20.0.2] AndroidManifest.xml:40:13-73
101            <intent-filter>
101-->[com.google.firebase:firebase-iid:20.0.2] AndroidManifest.xml:41:13-43:29
102                <action android:name="com.google.android.c2dm.intent.RECEIVE" />
102-->[com.google.firebase:firebase-iid:20.0.2] AndroidManifest.xml:42:17-81
102-->[com.google.firebase:firebase-iid:20.0.2] AndroidManifest.xml:42:25-78
103            </intent-filter>
104        </receiver>
105
106        <provider
106-->[com.google.firebase:firebase-common:19.3.0] AndroidManifest.xml:26:9-30:39
107            android:name="com.google.firebase.provider.FirebaseInitProvider"
107-->[com.google.firebase:firebase-common:19.3.0] AndroidManifest.xml:27:13-77
108            android:authorities="net.vishal.AMIGOS.firebaseinitprovider"
108-->[com.google.firebase:firebase-common:19.3.0] AndroidManifest.xml:28:13-72
109            android:exported="false"
109-->[com.google.firebase:firebase-common:19.3.0] AndroidManifest.xml:29:13-37
110            android:initOrder="100" />
110-->[com.google.firebase:firebase-common:19.3.0] AndroidManifest.xml:30:13-36
111
112        <activity
112-->[com.google.android.gms:play-services-base:17.1.0] AndroidManifest.xml:23:9-26:75
113            android:name="com.google.android.gms.common.api.GoogleApiActivity"
113-->[com.google.android.gms:play-services-base:17.1.0] AndroidManifest.xml:24:13-79
114            android:exported="false"
114-->[com.google.android.gms:play-services-base:17.1.0] AndroidManifest.xml:25:13-37
115            android:theme="@android:style/Theme.Translucent.NoTitleBar" />
115-->[com.google.android.gms:play-services-base:17.1.0] AndroidManifest.xml:26:13-72
116
117        <meta-data
117-->[com.google.android.gms:play-services-basement:17.0.0] AndroidManifest.xml:23:9-25:69
118            android:name="com.google.android.gms.version"
118-->[com.google.android.gms:play-services-basement:17.0.0] AndroidManifest.xml:24:13-58
119            android:value="@integer/google_play_services_version" />
119-->[com.google.android.gms:play-services-basement:17.0.0] AndroidManifest.xml:25:13-66
120    </application>
121
122</manifest>